<?xml version="1.0" encoding="UTF-8"?>
<robot generator="Robot 3.2.2 (Python 3.10.4 on win32)" generated="20220818 16:49:59.658" rpa="false">
<suite id="s1" name="MMT Robot" source="C:\Users\P1345336\git\MMT_Hotels\MMT_Robot">
<suite id="s1-s1" name="Test Cases" source="C:\Users\P1345336\git\MMT_Hotels\MMT_Robot\Test_Cases">
<suite id="s1-s1-s1" name="MMT Hotel Review" source="C:\Users\P1345336\git\MMT_Hotels\MMT_Robot\Test_Cases\MMT_Hotel_Review.robot">
<test id="s1-s1-s1-t1" name="MMT-Hotels-TC-031">
<kw name="Launch Browser" library="Common_Functionalites">
<kw name="Open Browser" library="SeleniumLibrary">
<doc>Opens a new browser instance to the optional ``url``.</doc>
<arguments>
<arg>https://www.makemytrip.com/</arg>
<arg>chrome</arg>
<arg>executable_path=${EXECDIR}${/}Drivers${/}chromedriver.exe</arg>
</arguments>
<msg timestamp="20220818 16:49:59.978" level="INFO">Opening browser 'chrome' to base url 'https://www.makemytrip.com/'.</msg>
<status status="PASS" starttime="20220818 16:49:59.978" endtime="20220818 16:50:04.942"></status>
</kw>
<kw name="Maximize Browser Window" library="SeleniumLibrary">
<doc>Maximizes current browser window.</doc>
<status status="PASS" starttime="20220818 16:50:04.942" endtime="20220818 16:50:05.059"></status>
</kw>
<status status="PASS" starttime="20220818 16:49:59.977" endtime="20220818 16:50:05.059"></status>
</kw>
<kw name="Pop Up" library="Home_Page">
<kw name="Run Keyword And Ignore Error" library="BuiltIn">
<doc>Runs the given keyword with the given arguments and ignores possible error.</doc>
<arguments>
<arg>Click Element</arg>
<arg>${PP1}</arg>
</arguments>
<kw name="Click Element" library="SeleniumLibrary">
<doc>Click the element identified by ``locator``.</doc>
<arguments>
<arg>${PP1}</arg>
</arguments>
<msg timestamp="20220818 16:50:05.060" level="INFO">Clicking element '//span[@class="langCardClose"]'.</msg>
<status status="PASS" starttime="20220818 16:50:05.060" endtime="20220818 16:50:05.159"></status>
</kw>
<status status="PASS" starttime="20220818 16:50:05.060" endtime="20220818 16:50:05.159"></status>
</kw>
<kw name="Sleep" library="BuiltIn">
<doc>Pauses the test executed for the given time.</doc>
<arguments>
<arg>2s</arg>
</arguments>
<msg timestamp="20220818 16:50:07.175" level="INFO">Slept 2 seconds</msg>
<status status="PASS" starttime="20220818 16:50:05.160" endtime="20220818 16:50:07.175"></status>
</kw>
<status status="PASS" starttime="20220818 16:50:05.059" endtime="20220818 16:50:07.176"></status>
</kw>
<kw name="Sleep" library="BuiltIn">
<doc>Pauses the test executed for the given time.</doc>
<arguments>
<arg>2s</arg>
</arguments>
<msg timestamp="20220818 16:50:09.184" level="INFO">Slept 2 seconds</msg>
<status status="PASS" starttime="20220818 16:50:07.176" endtime="20220818 16:50:09.184"></status>
</kw>
<kw name="Click on Hotel" library="Home_Page">
<kw name="Double Click Element" library="SeleniumLibrary">
<doc>Double clicks the element identified by ``locator``.</doc>
<arguments>
<arg>${HOTELS}</arg>
</arguments>
<msg timestamp="20220818 16:50:09.186" level="INFO">Double clicking element '//*[contains(@class,'chSprite chHotels')]'.</msg>
<status status="PASS" starttime="20220818 16:50:09.185" endtime="20220818 16:50:11.732"></status>
</kw>
<status status="PASS" starttime="20220818 16:50:09.184" endtime="20220818 16:50:11.732"></status>
</kw>
<kw name="Sleep" library="BuiltIn">
<doc>Pauses the test executed for the given time.</doc>
<arguments>
<arg>2s</arg>
</arguments>
<msg timestamp="20220818 16:50:13.736" level="INFO">Slept 2 seconds</msg>
<status status="PASS" starttime="20220818 16:50:11.733" endtime="20220818 16:50:13.737"></status>
</kw>
<kw name="Handling Pop Up" library="Home_Page">
<kw name="Run Keyword And Ignore Error" library="BuiltIn">
<doc>Runs the given keyword with the given arguments and ignores possible error.</doc>
<arguments>
<arg>Pop Up 2</arg>
</arguments>
<kw name="Pop Up 2" library="Home_Page">
<kw name="Execute Javascript" library="SeleniumLibrary">
<doc>Executes the given JavaScript code with possible arguments.</doc>
<arguments>
<arg>${ARR_POPUP}</arg>
</arguments>
<msg timestamp="20220818 16:50:13.741" level="INFO">Executing JavaScript:
document.elementFromPoint(1115, 54).click();
Without any arguments.</msg>
<status status="PASS" starttime="20220818 16:50:13.740" endtime="20220818 16:50:13.792"></status>
</kw>
<status status="PASS" starttime="20220818 16:50:13.739" endtime="20220818 16:50:13.793"></status>
</kw>
<status status="PASS" starttime="20220818 16:50:13.739" endtime="20220818 16:50:13.793"></status>
</kw>
<status status="PASS" starttime="20220818 16:50:13.737" endtime="20220818 16:50:13.793"></status>
</kw>
<kw name="Set City" library="Home_Page">
<kw name="Click Element" library="SeleniumLibrary">
<doc>Click the element identified by ``locator``.</doc>
<arguments>
<arg>${CITY}</arg>
</arguments>
<msg timestamp="20220818 16:50:13.794" level="INFO">Clicking element '//label[contains(@for,'city')]'.</msg>
<status status="PASS" starttime="20220818 16:50:13.794" endtime="20220818 16:50:13.881"></status>
</kw>
<kw name="Sleep" library="BuiltIn">
<doc>Pauses the test executed for the given time.</doc>
<arguments>
<arg>2s</arg>
</arguments>
<msg timestamp="20220818 16:50:15.884" level="INFO">Slept 2 seconds</msg>
<status status="PASS" starttime="20220818 16:50:13.881" endtime="20220818 16:50:15.884"></status>
</kw>
<kw name="Input Text" library="SeleniumLibrary">
<doc>Types the given ``text`` into the text field identified by ``locator``.</doc>
<arguments>
<arg>${CITY_INPUT}</arg>
<arg>Delhi</arg>
</arguments>
<msg timestamp="20220818 16:50:15.886" level="INFO">Typing text 'Delhi' into text field '//input[@placeholder='Enter city/ Hotel/ Area/ Building']'.</msg>
<status status="PASS" starttime="20220818 16:50:15.884" endtime="20220818 16:50:15.954"></status>
</kw>
<kw name="Click Element" library="SeleniumLibrary">
<doc>Click the element identified by ``locator``.</doc>
<arguments>
<arg>${SEARCH_INPUT}</arg>
</arguments>
<msg timestamp="20220818 16:50:15.954" level="INFO">Clicking element '(//ul[@role='listbox']//li//p[contains(text(),'Delhi')])[1]'.</msg>
<status status="PASS" starttime="20220818 16:50:15.954" endtime="20220818 16:50:16.040"></status>
</kw>
<status status="PASS" starttime="20220818 16:50:13.793" endtime="20220818 16:50:16.041"></status>
</kw>
<kw name="Select Rooms &amp; Guests" library="Home_Page">
<kw name="Sleep" library="BuiltIn">
<doc>Pauses the test executed for the given time.</doc>
<arguments>
<arg>2s</arg>
</arguments>
<msg timestamp="20220818 16:50:18.056" level="INFO">Slept 2 seconds</msg>
<status status="PASS" starttime="20220818 16:50:16.041" endtime="20220818 16:50:18.056"></status>
</kw>
<kw name="Click Element" library="SeleniumLibrary">
<doc>Click the element identified by ``locator``.</doc>
<arguments>
<arg>${CHECKIN}</arg>
</arguments>
<msg timestamp="20220818 16:50:18.058" level="INFO">Clicking element 'id=checkin'.</msg>
<status status="PASS" starttime="20220818 16:50:18.057" endtime="20220818 16:50:18.123"></status>
</kw>
<kw name="Click Element" library="SeleniumLibrary">
<doc>Click the element identified by ``locator``.</doc>
<arguments>
<arg>${CHECK_IN_DATE}</arg>
</arguments>
<msg timestamp="20220818 16:50:18.123" level="INFO">Clicking element '(//div[text()='26'])[1]'.</msg>
<status status="PASS" starttime="20220818 16:50:18.123" endtime="20220818 16:50:18.177"></status>
</kw>
<kw name="Click Element" library="SeleniumLibrary">
<doc>Click the element identified by ``locator``.</doc>
<arguments>
<arg>${CHECK_OUT}</arg>
</arguments>
<msg timestamp="20220818 16:50:18.178" level="INFO">Clicking element 'id=checkout'.</msg>
<status status="PASS" starttime="20220818 16:50:18.177" endtime="20220818 16:50:18.252"></status>
</kw>
<kw name="Click Element" library="SeleniumLibrary">
<doc>Click the element identified by ``locator``.</doc>
<arguments>
<arg>${CHECK_OUT_DATE}</arg>
</arguments>
<msg timestamp="20220818 16:50:18.252" level="INFO">Clicking element '(//div[text()='31'])[2]'.</msg>
<status status="PASS" starttime="20220818 16:50:18.252" endtime="20220818 16:50:18.345"></status>
</kw>
<kw name="Click Element" library="SeleniumLibrary">
<doc>Click the element identified by ``locator``.</doc>
<arguments>
<arg>${GUEST}</arg>
</arguments>
<msg timestamp="20220818 16:50:18.346" level="INFO">Clicking element 'id=guest'.</msg>
<status status="PASS" starttime="20220818 16:50:18.345" endtime="20220818 16:50:18.402"></status>
</kw>
<kw name="Click Element" library="SeleniumLibrary">
<doc>Click the element identified by ``locator``.</doc>
<arguments>
<arg>${ADULTS}</arg>
</arguments>
<msg timestamp="20220818 16:50:18.403" level="INFO">Clicking element '(//li[text()='3'])'.</msg>
<status status="PASS" starttime="20220818 16:50:18.403" endtime="20220818 16:50:18.485"></status>
</kw>
<status status="PASS" starttime="20220818 16:50:16.041" endtime="20220818 16:50:18.485"></status>
</kw>
<kw name="Select Children" library="Home_Page">
<kw name="Click Element" library="SeleniumLibrary">
<doc>Click the element identified by ``locator``.</doc>
<arguments>
<arg>${ADD_CHILDREN}</arg>
</arguments>
<msg timestamp="20220818 16:50:18.486" level="INFO">Clicking element '//div[@class='addRooomDetails']//ul[2]//li[contains(text(),'0')]'.</msg>
<status status="PASS" starttime="20220818 16:50:18.486" endtime="20220818 16:50:18.575"></status>
</kw>
<status status="PASS" starttime="20220818 16:50:18.486" endtime="20220818 16:50:18.576"></status>
</kw>
<kw name="Apply Changes" library="Home_Page">
<kw name="Wait Until Element Is Visible" library="SeleniumLibrary">
<doc>Waits until the element ``locator`` is visible.</doc>
<arguments>
<arg>${APPLY_CHANGES}</arg>
</arguments>
<status status="PASS" starttime="20220818 16:50:18.576" endtime="20220818 16:50:18.601"></status>
</kw>
<kw name="Click Button" library="SeleniumLibrary">
<doc>Clicks the button identified by ``locator``.</doc>
<arguments>
<arg>${APPLY_CHANGES}</arg>
</arguments>
<msg timestamp="20220818 16:50:18.602" level="INFO">Clicking button '//button[contains(text(),'APPLY')]'.</msg>
<status status="PASS" starttime="20220818 16:50:18.601" endtime="20220818 16:50:18.684"></status>
</kw>
<status status="PASS" starttime="20220818 16:50:18.576" endtime="20220818 16:50:18.684"></status>
</kw>
<kw name="Click on Search" library="Home_Page">
<kw name="Click Element" library="SeleniumLibrary">
<doc>Click the element identified by ``locator``.</doc>
<arguments>
<arg>${SEARCH}</arg>
</arguments>
<msg timestamp="20220818 16:50:18.685" level="INFO">Clicking element '//button[@id='hsw_search_button']'.</msg>
<status status="PASS" starttime="20220818 16:50:18.685" endtime="20220818 16:50:23.441"></status>
</kw>
<status status="PASS" starttime="20220818 16:50:18.684" endtime="20220818 16:50:23.442"></status>
</kw>
<kw name="Select 1st Hotel" library="Home_Page">
<kw name="Click Element" library="SeleniumLibrary">
<doc>Click the element identified by ``locator``.</doc>
<arguments>
<arg>${FNF}</arg>
</arguments>
<msg timestamp="20220818 16:50:23.443" level="INFO">Clicking element '//div[@id='Listing_hotel_0']'.</msg>
<status status="PASS" starttime="20220818 16:50:23.442" endtime="20220818 16:50:23.596"></status>
</kw>
<status status="PASS" starttime="20220818 16:50:23.442" endtime="20220818 16:50:23.596"></status>
</kw>
<kw name="Switch Window" library="SeleniumLibrary">
<doc>Switches to browser window matching ``locator``.</doc>
<arguments>
<arg>NEW</arg>
</arguments>
<status status="PASS" starttime="20220818 16:50:23.596" endtime="20220818 16:50:23.605"></status>
</kw>
<kw name="Scroll" library="Home_Page">
<arguments>
<arg>1000</arg>
</arguments>
<kw name="Execute Javascript" library="SeleniumLibrary">
<doc>Executes the given JavaScript code with possible arguments.</doc>
<arguments>
<arg>${SCROLL_PERCENTAGE}</arg>
</arguments>
<msg timestamp="20220818 16:50:23.606" level="INFO">Executing JavaScript:
1000
Without any arguments.</msg>
<status status="PASS" starttime="20220818 16:50:23.606" endtime="20220818 16:50:25.237"></status>
</kw>
<status status="PASS" starttime="20220818 16:50:23.606" endtime="20220818 16:50:25.238"></status>
</kw>
<kw name="Sleep" library="BuiltIn">
<doc>Pauses the test executed for the given time.</doc>
<arguments>
<arg>2s</arg>
</arguments>
<msg timestamp="20220818 16:50:27.245" level="INFO">Slept 2 seconds</msg>
<status status="PASS" starttime="20220818 16:50:25.238" endtime="20220818 16:50:27.246"></status>
</kw>
<kw name="Book this Now" library="Home_Page">
<kw name="Click Element" library="SeleniumLibrary">
<doc>Click the element identified by ``locator``.</doc>
<arguments>
<arg>${BOOK_THIS_NOW}</arg>
</arguments>
<msg timestamp="20220818 16:50:27.249" level="INFO">Clicking element '//button[@id='detpg_headerright_book_now']'.</msg>
<status status="PASS" starttime="20220818 16:50:27.249" endtime="20220818 16:50:27.434"></status>
</kw>
<status status="PASS" starttime="20220818 16:50:27.248" endtime="20220818 16:50:27.435"></status>
</kw>
<kw name="View all Room Inclusions" library="Home_Page">
<kw name="Click Element" library="SeleniumLibrary">
<doc>Click the element identified by ``locator``.</doc>
<arguments>
<arg>${VIEW_ALL_ROOMS_INCLUSIONS}</arg>
</arguments>
<msg timestamp="20220818 16:50:27.436" level="INFO">Clicking element '//a[normalize-space()='View All Room Inclusions']'.</msg>
<msg timestamp="20220818 16:50:27.925" level="INFO" html="yes">&lt;/td&gt;&lt;/tr&gt;&lt;tr&gt;&lt;td colspan="3"&gt;&lt;a href="selenium-screenshot-38.png"&gt;&lt;img src="selenium-screenshot-38.png" width="800px"&gt;&lt;/a&gt;</msg>
<msg timestamp="20220818 16:50:27.936" level="FAIL">Element with locator '//a[normalize-space()='View All Room Inclusions']' not found.</msg>
<status status="FAIL" starttime="20220818 16:50:27.435" endtime="20220818 16:50:27.937"></status>
</kw>
<status status="FAIL" starttime="20220818 16:50:27.435" endtime="20220818 16:50:27.938"></status>
</kw>
<doc>This Testcase Verify that User is able to click on More Details to view all room Inclusions</doc>
<status status="FAIL" starttime="20220818 16:49:59.977" endtime="20220818 16:50:27.938" critical="yes">Element with locator '//a[normalize-space()='View All Room Inclusions']' not found.</status>
</test>
<doc>This file contains keywords for Hotel Review Page
</doc>
<status status="FAIL" starttime="20220818 16:49:59.739" endtime="20220818 16:50:27.940"></status>
</suite>
<status status="FAIL" starttime="20220818 16:49:59.735" endtime="20220818 16:50:27.945"></status>
</suite>
<status status="FAIL" starttime="20220818 16:49:59.716" endtime="20220818 16:50:27.947"></status>
</suite>
<statistics>
<total>
<stat pass="0" fail="1">Critical Tests</stat>
<stat pass="0" fail="1">All Tests</stat>
</total>
<tag>
</tag>
<suite>
<stat pass="0" fail="1" id="s1" name="MMT Robot">MMT Robot</stat>
<stat pass="0" fail="1" id="s1-s1" name="Test Cases">MMT Robot.Test Cases</stat>
<stat pass="0" fail="1" id="s1-s1-s1" name="MMT Hotel Review">MMT Robot.Test Cases.MMT Hotel Review</stat>
</suite>
</statistics>
<errors>
<msg timestamp="20220818 16:49:59.955" level="ERROR">Error in file 'C:\Users\P1345336\git\MMT_Hotels\MMT_Robot\Resources\Home_Page.resource' on line 73: Invalid variable name ' ${BOOK_BUFFER}'.</msg>
</errors>
</robot>
