<?xml version="1.0" encoding="UTF-8"?>
<robot generator="Robot 3.2.2 (Python 3.10.2 on win32)" generated="20221006 11:02:56.091" rpa="false">
<suite id="s1" name="MakeMyTrip" source="C:\RobotFrameworkRED\MakeMyTrip">
<suite id="s1-s1" name="TestSuite" source="C:\RobotFrameworkRED\MakeMyTrip\TestSuite">
<suite id="s1-s1-s1" name="TestRunner" source="C:\RobotFrameworkRED\MakeMyTrip\TestSuite\TestRunner.robot">
<test id="s1-s1-s1-t1" name="TC004">
<kw name="Launch Browser" library="common_functionality" type="setup">
<kw name="Open Browser" library="SeleniumLibrary">
<doc>Opens a new browser instance to the optional ``url``.</doc>
<arguments>
<arg>browser=${BROWSER_NAME}</arg>
<arg>executable_path=${EXECDIR}${/}webdriver${/}chromedriver.exe</arg>
</arguments>
<msg timestamp="20221006 11:03:01.389" level="INFO">Opening browser 'chrome' to base url 'None'.</msg>
<status status="PASS" starttime="20221006 11:03:01.389" endtime="20221006 11:03:08.739"></status>
</kw>
<kw name="Maximize Browser Window" library="SeleniumLibrary">
<doc>Maximizes current browser window.</doc>
<status status="PASS" starttime="20221006 11:03:08.739" endtime="20221006 11:03:08.865"></status>
</kw>
<kw name="Set Selenium Implicit Wait" library="SeleniumLibrary">
<doc>Sets the implicit wait value used by Selenium.</doc>
<arguments>
<arg>30s</arg>
</arguments>
<status status="PASS" starttime="20221006 11:03:08.865" endtime="20221006 11:03:08.867"></status>
</kw>
<kw name="Go To" library="SeleniumLibrary">
<doc>Navigates the current browser window to the provided ``url``.</doc>
<arguments>
<arg>${URL}</arg>
</arguments>
<msg timestamp="20221006 11:03:08.868" level="INFO">Opening url 'https://www.makemytrip.com/'</msg>
<status status="PASS" starttime="20221006 11:03:08.868" endtime="20221006 11:03:13.789"></status>
</kw>
<status status="PASS" starttime="20221006 11:03:01.383" endtime="20221006 11:03:13.790"></status>
</kw>
<kw name="MMT-TRAINS-TC-004 :: Verify that, User can not Search FROM city with Invalid data">
<kw name="Handle Alerts" library="landing_page">
<kw name="Run Keyword And Ignore Error" library="BuiltIn">
<doc>Runs the given keyword with the given arguments and ignores possible error.</doc>
<arguments>
<arg>Handle Notification Alerts</arg>
</arguments>
<kw name="Handle Notification Alerts" library="landing_page">
<kw name="Click Element" library="SeleniumLibrary">
<doc>Click the element identified by ``locator``.</doc>
<arguments>
<arg>${ALERT_01}</arg>
</arguments>
<msg timestamp="20221006 11:03:13.793" level="INFO">Clicking element 'xpath=//span[@class="langCardClose"]'.</msg>
<status status="PASS" starttime="20221006 11:03:13.793" endtime="20221006 11:03:13.896"></status>
</kw>
<kw name="Sleep" library="BuiltIn">
<doc>Pauses the test executed for the given time.</doc>
<arguments>
<arg>2s</arg>
</arguments>
<msg timestamp="20221006 11:03:15.900" level="INFO">Slept 2 seconds</msg>
<status status="PASS" starttime="20221006 11:03:13.896" endtime="20221006 11:03:15.901"></status>
</kw>
<kw name="Click Element" library="SeleniumLibrary">
<doc>Click the element identified by ``locator``.</doc>
<arguments>
<arg>${ALERT_02}</arg>
</arguments>
<msg timestamp="20221006 11:03:15.903" level="INFO">Clicking element 'xpath=//div[@class='landingContainer']'.</msg>
<status status="PASS" starttime="20221006 11:03:15.902" endtime="20221006 11:03:16.176"></status>
</kw>
<kw name="Sleep" library="BuiltIn">
<doc>Pauses the test executed for the given time.</doc>
<arguments>
<arg>3s</arg>
</arguments>
<msg timestamp="20221006 11:03:19.190" level="INFO">Slept 3 seconds</msg>
<status status="PASS" starttime="20221006 11:03:16.176" endtime="20221006 11:03:19.190"></status>
</kw>
<kw name="Click Element" library="SeleniumLibrary">
<doc>Click the element identified by ``locator``.</doc>
<arguments>
<arg>${mybizLoginClose}</arg>
</arguments>
<msg timestamp="20221006 11:03:19.192" level="INFO">Clicking element 'xpath=//span[@class='mybizLoginClose']'.</msg>
<status status="PASS" starttime="20221006 11:03:19.190" endtime="20221006 11:03:19.405"></status>
</kw>
<kw name="Click Element" library="SeleniumLibrary">
<doc>Click the element identified by ``locator``.</doc>
<arguments>
<arg>${mbizUse__close}</arg>
</arguments>
<msg timestamp="20221006 11:03:19.406" level="INFO">Clicking element 'xpath=//span[@class='mbizUse__close']'.</msg>
<status status="PASS" starttime="20221006 11:03:19.406" endtime="20221006 11:03:19.638"></status>
</kw>
<kw name="Sleep" library="BuiltIn">
<doc>Pauses the test executed for the given time.</doc>
<arguments>
<arg>3s</arg>
</arguments>
<msg timestamp="20221006 11:03:22.651" level="INFO">Slept 3 seconds</msg>
<status status="PASS" starttime="20221006 11:03:19.638" endtime="20221006 11:03:22.651"></status>
</kw>
<status status="PASS" starttime="20221006 11:03:13.791" endtime="20221006 11:03:22.652"></status>
</kw>
<status status="PASS" starttime="20221006 11:03:13.791" endtime="20221006 11:03:22.653"></status>
</kw>
<status status="PASS" starttime="20221006 11:03:13.790" endtime="20221006 11:03:22.654"></status>
</kw>
<kw name="Navigate To Trains Page" library="landing_page">
<kw name="Click Element" library="SeleniumLibrary">
<doc>Click the element identified by ``locator``.</doc>
<arguments>
<arg>${TRAINS_LINK_BTN}</arg>
</arguments>
<msg timestamp="20221006 11:03:22.656" level="INFO">Clicking element 'link=Trains'.</msg>
<status status="PASS" starttime="20221006 11:03:22.655" endtime="20221006 11:03:23.012"></status>
</kw>
<status status="PASS" starttime="20221006 11:03:22.654" endtime="20221006 11:03:23.012"></status>
</kw>
<kw name="Search for Invalid FROM City" library="trains_page">
<arguments>
<arg>${from_Invalid_city}</arg>
</arguments>
<kw name="Click Element" library="SeleniumLibrary">
<doc>Click the element identified by ``locator``.</doc>
<arguments>
<arg>${CITY_FROM_LOC}</arg>
</arguments>
<msg timestamp="20221006 11:03:23.014" level="INFO">Clicking element 'xpath=//label//span[contains(text(),'From')]'.</msg>
<status status="PASS" starttime="20221006 11:03:23.014" endtime="20221006 11:03:23.426"></status>
</kw>
<kw name="Sleep" library="BuiltIn">
<doc>Pauses the test executed for the given time.</doc>
<arguments>
<arg>1s</arg>
</arguments>
<msg timestamp="20221006 11:03:24.429" level="INFO">Slept 1 second</msg>
<status status="PASS" starttime="20221006 11:03:23.426" endtime="20221006 11:03:24.429"></status>
</kw>
<kw name="Input Text" library="SeleniumLibrary">
<doc>Types the given ``text`` into the text field identified by ``locator``.</doc>
<arguments>
<arg>${FROM_TXT_FIELD}</arg>
<arg>${from_Invalid_city}</arg>
</arguments>
<msg timestamp="20221006 11:03:24.431" level="INFO">Typing text 'Ade Nagar' into text field 'xpath=//input[@placeholder='From']'.</msg>
<status status="PASS" starttime="20221006 11:03:24.430" endtime="20221006 11:03:24.612"></status>
</kw>
<kw name="Sleep" library="BuiltIn">
<doc>Pauses the test executed for the given time.</doc>
<arguments>
<arg>1s</arg>
</arguments>
<msg timestamp="20221006 11:03:25.619" level="INFO">Slept 1 second</msg>
<status status="PASS" starttime="20221006 11:03:24.612" endtime="20221006 11:03:25.619"></status>
</kw>
<kw name="Run Keyword If" library="BuiltIn">
<doc>Runs the given keyword with the given arguments, if ``condition`` is true.</doc>
<arguments>
<arg>"${FROM_CITY_i0_text}" == "${from_Invalid_city}"</arg>
<arg>Run Keywords</arg>
<arg>Click First FROM City</arg>
<arg>ELSE</arg>
<arg>Data Matched Message</arg>
</arguments>
<kw name="Data Matched Message" library="trains_page">
<kw name="Log To Console" library="BuiltIn">
<doc>Logs the given message to the console.</doc>
<arguments>
<arg>${City_doent_found_mess}</arg>
</arguments>
<status status="PASS" starttime="20221006 11:03:25.623" endtime="20221006 11:03:25.623"></status>
</kw>
<status status="PASS" starttime="20221006 11:03:25.622" endtime="20221006 11:03:25.623"></status>
</kw>
<status status="PASS" starttime="20221006 11:03:25.620" endtime="20221006 11:03:25.623"></status>
</kw>
<status status="PASS" starttime="20221006 11:03:23.013" endtime="20221006 11:03:25.624"></status>
</kw>
<status status="PASS" starttime="20221006 11:03:13.790" endtime="20221006 11:03:25.624"></status>
</kw>
<kw name="End Browser" library="common_functionality" type="teardown">
<kw name="Set Screenshot Directory" library="SeleniumLibrary">
<doc>Sets the directory for captured screenshots.</doc>
<arguments>
<arg>path=${EXECDIR}${/}screenshots//auto</arg>
</arguments>
<status status="PASS" starttime="20221006 11:03:25.626" endtime="20221006 11:03:25.627"></status>
</kw>
<kw name="Capture Page Screenshot" library="SeleniumLibrary">
<doc>Takes a screenshot of the current page and embeds it into a log file.</doc>
<msg timestamp="20221006 11:03:25.822" level="INFO" html="yes">&lt;/td&gt;&lt;/tr&gt;&lt;tr&gt;&lt;td colspan="3"&gt;&lt;a href="screenshots/auto/selenium-screenshot-136.png"&gt;&lt;img src="screenshots/auto/selenium-screenshot-136.png" width="800px"&gt;&lt;/a&gt;</msg>
<status status="PASS" starttime="20221006 11:03:25.629" endtime="20221006 11:03:25.822"></status>
</kw>
<kw name="Close Browser" library="SeleniumLibrary">
<doc>Closes the current browser.</doc>
<status status="PASS" starttime="20221006 11:03:25.823" endtime="20221006 11:03:28.941"></status>
</kw>
<status status="PASS" starttime="20221006 11:03:25.624" endtime="20221006 11:03:28.941"></status>
</kw>
<status status="PASS" starttime="20221006 11:03:01.381" endtime="20221006 11:03:28.941" critical="yes"></status>
</test>
<status status="PASS" starttime="20221006 11:02:56.537" endtime="20221006 11:03:28.942"></status>
</suite>
<status status="PASS" starttime="20221006 11:02:56.530" endtime="20221006 11:03:28.946"></status>
</suite>
<status status="PASS" starttime="20221006 11:02:56.441" endtime="20221006 11:03:28.947"></status>
</suite>
<statistics>
<total>
<stat pass="1" fail="0">Critical Tests</stat>
<stat pass="1" fail="0">All Tests</stat>
</total>
<tag>
</tag>
<suite>
<stat pass="1" fail="0" id="s1" name="MakeMyTrip">MakeMyTrip</stat>
<stat pass="1" fail="0" id="s1-s1" name="TestSuite">MakeMyTrip.TestSuite</stat>
<stat pass="1" fail="0" id="s1-s1-s1" name="TestRunner">MakeMyTrip.TestSuite.TestRunner</stat>
</suite>
</statistics>
<errors>
</errors>
</robot>
